Performing C++ SOURCE FILE Test CMAKE_HAVE_LIBC_PTHREAD failed with the following output:
Change Dir: /home/karrylee/PycharmProjects/KD/Mpc/cmake-build-debug/CMakeFiles/CMakeTmp

Run Build Command(s):/usr/bin/make cmTC_bfe27/fast && /usr/bin/make  -f CMakeFiles/cmTC_bfe27.dir/build.make CMakeFiles/cmTC_bfe27.dir/build
make[1]: Entering directory '/home/karrylee/PycharmProjects/KD/Mpc/cmake-build-debug/CMakeFiles/CMakeTmp'
Building CXX object CMakeFiles/cmTC_bfe27.dir/src.cxx.o
/usr/bin/c++    -fPIC -DCMAKE_HAVE_LIBC_PTHREAD   -o CMakeFiles/cmTC_bfe27.dir/src.cxx.o -c /home/karrylee/PycharmProjects/KD/Mpc/cmake-build-debug/CMakeFiles/CMakeTmp/src.cxx
Linking CXX executable cmTC_bfe27
/snap/clion/135/bin/cmake/linux/bin/cmake -E cmake_link_script CMakeFiles/cmTC_bfe27.dir/link.txt --verbose=1
/usr/bin/c++   -fPIC -DCMAKE_HAVE_LIBC_PTHREAD    CMakeFiles/cmTC_bfe27.dir/src.cxx.o  -o cmTC_bfe27 
/usr/bin/ld: CMakeFiles/cmTC_bfe27.dir/src.cxx.o: in function `main':
src.cxx:(.text+0x46): undefined reference to `pthread_create'
/usr/bin/ld: src.cxx:(.text+0x52): undefined reference to `pthread_detach'
/usr/bin/ld: src.cxx:(.text+0x5e): undefined reference to `pthread_cancel'
/usr/bin/ld: src.cxx:(.text+0x6f): undefined reference to `pthread_join'
collect2: error: ld returned 1 exit status
make[1]: *** [CMakeFiles/cmTC_bfe27.dir/build.make:107: cmTC_bfe27] Error 1
make[1]: Leaving directory '/home/karrylee/PycharmProjects/KD/Mpc/cmake-build-debug/CMakeFiles/CMakeTmp'
make: *** [Makefile:141: cmTC_bfe27/fast] Error 2


Source file was:
#include <pthread.h>

void* test_func(void* data)
{
  return data;
}

int main(void)
{
  pthread_t thread;
  pthread_create(&thread, NULL, test_func, NULL);
  pthread_detach(thread);
  pthread_cancel(thread);
  pthread_join(thread, NULL);
  pthread_atfork(NULL, NULL, NULL);
  pthread_exit(NULL);

  return 0;
}

Determining if the function pthread_create exists in the pthreads failed with the following output:
Change Dir: /home/karrylee/PycharmProjects/KD/Mpc/cmake-build-debug/CMakeFiles/CMakeTmp

Run Build Command(s):/usr/bin/make cmTC_e8406/fast && /usr/bin/make  -f CMakeFiles/cmTC_e8406.dir/build.make CMakeFiles/cmTC_e8406.dir/build
make[1]: Entering directory '/home/karrylee/PycharmProjects/KD/Mpc/cmake-build-debug/CMakeFiles/CMakeTmp'
Building CXX object CMakeFiles/cmTC_e8406.dir/CheckFunctionExists.cxx.o
/usr/bin/c++    -fPIC -DCHECK_FUNCTION_EXISTS=pthread_create   -o CMakeFiles/cmTC_e8406.dir/CheckFunctionExists.cxx.o -c /home/karrylee/PycharmProjects/KD/Mpc/cmake-build-debug/CMakeFiles/CheckLibraryExists/CheckFunctionExists.cxx
Linking CXX executable cmTC_e8406
/snap/clion/135/bin/cmake/linux/bin/cmake -E cmake_link_script CMakeFiles/cmTC_e8406.dir/link.txt --verbose=1
/usr/bin/c++   -fPIC -DCHECK_FUNCTION_EXISTS=pthread_create    CMakeFiles/cmTC_e8406.dir/CheckFunctionExists.cxx.o  -o cmTC_e8406  -lpthreads 
/usr/bin/ld: cannot find -lpthreads
collect2: error: ld returned 1 exit status
make[1]: *** [CMakeFiles/cmTC_e8406.dir/build.make:107: cmTC_e8406] Error 1
make[1]: Leaving directory '/home/karrylee/PycharmProjects/KD/Mpc/cmake-build-debug/CMakeFiles/CMakeTmp'
make: *** [Makefile:141: cmTC_e8406/fast] Error 2



